1704866292482:login
1704866368169:ls
1704866831129:login
1704866837852:login test 123
1704866930249:help
1704867493840:mycommand
1704868378324:help
1704868437529:login test test
1704868442459:logout
1704869555309:start
1704869567588:logout
1704869586211:login
1704870405113:start
1704870409291:login test test
1704876337428:login abc abc
1704876668939:help
1704876775872:logout
1704876783280:start
1704876788142:logout
1704876874040:start
1704876879551:logout test
1704876921458:start
1704876923984:logout
1704876937974:login
1704876947299:start
1704890002584:login
1704890008578:login test test
1704890238677:logout
1704890245005:login test test
1704890572122:logout
1704890577397:login tset test
1704890857644:login test test
1704890861504:logout
1704890865919:logint test test
1704890877597:login test test
1704939898810:help
1704939912120:theme showcase rgb
1704940679068:help
1704940689371:table
1704940763635:theme showcase rgb
1704942079895:help
1704942081829:table
1704943328695:help
1704943338711:teacher login test test
1704943542671:logout
1704943549566:teacher login 123 123
1704943975081:teacher login test test
1704953752980:login test test t
1704953834005:login test test s
1704953852211:login test test t
1704954204576:login test test
1704954230423:login test test -type t
1704954280303:login test test --type t
1704954366700:login --type t test test
1704954411687:login test test --type t
1704954433582:login --type t --username test --password test
1704954442183:logout
1704954448041:login --type t --username test --password test
1704955112163:login test test t
1704955124996:userinfo --type t
1704955165772:login test test --type t
1704955171680:userinfo --type t
1704955966703:login test test t
1704955975791:booksearch
1704956090510:login test test t
1704956095263:booksearch
1704956111946:borrow 1
1704958725633:login test test t
1704958731621:booksearch
1704958802483:login test test t
1704958805996:booksearch
1704958815076:boroow 1
1704958819562:borrow 1
1704958910888:login test test 1
1704958915267:login test test t
1704958918457:borrow 1
1704958949332:login test test t
1704958952419:borrow 1
1704959033099:login test test t
1704959035758:borrow 1
1704959118489:login test test t
1704959122606:borrow 1
1704959277798:login test test t
1704959281711:borrow 1
1704959365938:login test test t
1704959369394:borrow 1
1704959546629:login test test t
1704959552732:borrow 1
1704959940413:login test test t
1704959943344:borrow 1
1704960112045:login test test t
1704960115338:borrow 1
1704962994123:return 1
1704963168607:booksearch
1704965069526:login test test t
1704965107890:teachers
1704965114088:students
1704965201108:login test test t
1704965204432:students
1704965275261:login test test t
1704965278546:students
