10:23:24.862 [main] ERROR o.s.o.j.LocalContainerEntityManagerFactoryBean - Failed to initialize JPA EntityManagerFactory: [PersistenceUnit: default] Unable to build Hibernate SessionFactory; nested exception is org.hibernate.MappingException: Repeated column in mapping for entity: com.test.book.entity.Record column: book_id (should be mapped with insert="false" update="false")
10:23:24.909 [main] ERROR o.s.boot.SpringApplication - Application run failed
org.springframework.beans.factory.BeanCreationException: Error creating bean with name 'entityManagerFactory' defined in class path resource [org/springframework/boot/autoconfigure/orm/jpa/HibernateJpaConfiguration.class]: Invocation of init method failed; nested exception is javax.persistence.PersistenceException: [PersistenceUnit: default] Unable to build Hibernate SessionFactory; nested exception is org.hibernate.MappingException: Repeated column in mapping for entity: com.test.book.entity.Record column: book_id (should be mapped with insert="false" update="false")
	at org.springframework.beans.factory.support.AbstractAutowireCapableBeanFactory.initializeBean(AbstractAutowireCapableBeanFactory.java:1804)
	at org.springframework.beans.factory.support.AbstractAutowireCapableBeanFactory.doCreateBean(AbstractAutowireCapableBeanFactory.java:620)
	at org.springframework.beans.factory.support.AbstractAutowireCapableBeanFactory.createBean(AbstractAutowireCapableBeanFactory.java:542)
	at org.springframework.beans.factory.support.AbstractBeanFactory.lambda$doGetBean$0(AbstractBeanFactory.java:335)
	at org.springframework.beans.factory.support.AbstractBeanFactory$$Lambda$175/11784439.getObject(Unknown Source)
	at org.springframework.beans.factory.support.DefaultSingletonBeanRegistry.getSingleton(DefaultSingletonBeanRegistry.java:234)
	at org.springframework.beans.factory.support.AbstractBeanFactory.doGetBean(AbstractBeanFactory.java:333)
	at org.springframework.beans.factory.support.AbstractBeanFactory.getBean(AbstractBeanFactory.java:208)
	at org.springframework.context.support.AbstractApplicationContext.getBean(AbstractApplicationContext.java:1156)
	at org.springframework.context.support.AbstractApplicationContext.finishBeanFactoryInitialization(AbstractApplicationContext.java:910)
	at org.springframework.context.support.AbstractApplicationContext.refresh(AbstractApplicationContext.java:583)
	at org.springframework.boot.SpringApplication.refresh(SpringApplication.java:731)
	at org.springframework.boot.SpringApplication.refreshContext(SpringApplication.java:408)
	at org.springframework.boot.SpringApplication.run(SpringApplication.java:307)
	at com.test.book.BookApplication.main(BookApplication.java:27)
Caused by: javax.persistence.PersistenceException: [PersistenceUnit: default] Unable to build Hibernate SessionFactory; nested exception is org.hibernate.MappingException: Repeated column in mapping for entity: com.test.book.entity.Record column: book_id (should be mapped with insert="false" update="false")
	at org.springframework.orm.jpa.AbstractEntityManagerFactoryBean.buildNativeEntityManagerFactory(AbstractEntityManagerFactoryBean.java:421)
	at org.springframework.orm.jpa.AbstractEntityManagerFactoryBean.afterPropertiesSet(AbstractEntityManagerFactoryBean.java:396)
	at org.springframework.orm.jpa.LocalContainerEntityManagerFactoryBean.afterPropertiesSet(LocalContainerEntityManagerFactoryBean.java:341)
	at org.springframework.beans.factory.support.AbstractAutowireCapableBeanFactory.invokeInitMethods(AbstractAutowireCapableBeanFactory.java:1863)
	at org.springframework.beans.factory.support.AbstractAutowireCapableBeanFactory.initializeBean(AbstractAutowireCapableBeanFactory.java:1800)
	... 14 common frames omitted
Caused by: org.hibernate.MappingException: Repeated column in mapping for entity: com.test.book.entity.Record column: book_id (should be mapped with insert="false" update="false")
	at org.hibernate.mapping.PersistentClass.checkColumnDuplication(PersistentClass.java:895)
	at org.hibernate.mapping.PersistentClass.checkPropertyColumnDuplication(PersistentClass.java:913)
	at org.hibernate.mapping.PersistentClass.checkColumnDuplication(PersistentClass.java:935)
	at org.hibernate.mapping.PersistentClass.validate(PersistentClass.java:637)
	at org.hibernate.mapping.RootClass.validate(RootClass.java:267)
	at org.hibernate.boot.internal.MetadataImpl.validate(MetadataImpl.java:359)
	at org.hibernate.internal.SessionFactoryImpl.<init>(SessionFactoryImpl.java:314)
	at org.hibernate.boot.internal.SessionFactoryBuilderImpl.build(SessionFactoryBuilderImpl.java:471)
	at org.hibernate.jpa.boot.internal.EntityManagerFactoryBuilderImpl.build(EntityManagerFactoryBuilderImpl.java:1498)
	at org.springframework.orm.jpa.vendor.SpringHibernateJpaPersistenceProvider.createContainerEntityManagerFactory(SpringHibernateJpaPersistenceProvider.java:58)
	at org.springframework.orm.jpa.LocalContainerEntityManagerFactoryBean.createNativeEntityManagerFactory(LocalContainerEntityManagerFactoryBean.java:365)
	at org.springframework.orm.jpa.AbstractEntityManagerFactoryBean.buildNativeEntityManagerFactory(AbstractEntityManagerFactoryBean.java:409)
	... 18 common frames omitted
11:22:18.994 [main] ERROR o.s.boot.SpringApplication - Application run failed
java.lang.IllegalStateException: Failed to execute ApplicationRunner
	at org.springframework.boot.SpringApplication.callRunner(SpringApplication.java:762)
	at org.springframework.boot.SpringApplication.callRunners(SpringApplication.java:749)
	at org.springframework.boot.SpringApplication.run(SpringApplication.java:314)
	at com.test.book.BookApplication.main(BookApplication.java:27)
Caused by: org.springframework.beans.NotReadablePropertyException: Invalid property '命令' of bean class [com.test.book.commands.KeyValue]: Bean property '命令' is not readable or has an invalid getter method: Does the return type of the getter match the parameter type of the setter?
	at org.springframework.beans.AbstractNestablePropertyAccessor.getPropertyValue(AbstractNestablePropertyAccessor.java:627)
	at org.springframework.beans.AbstractNestablePropertyAccessor.getPropertyValue(AbstractNestablePropertyAccessor.java:617)
	at org.springframework.shell.table.BeanListTableModel.getValue(BeanListTableModel.java:96)
	at org.springframework.shell.table.Table.render(Table.java:113)
	at org.springframework.shell.table.Table.render(Table.java:51)
	at org.springframework.shell.result.TerminalSizeAwareResultHandler.doHandleResult(TerminalSizeAwareResultHandler.java:36)
	at org.springframework.shell.result.TerminalSizeAwareResultHandler.doHandleResult(TerminalSizeAwareResultHandler.java:28)
	at org.springframework.shell.result.TerminalAwareResultHandler.handleResult(TerminalAwareResultHandler.java:38)
	at org.springframework.shell.result.GenericResultHandlerService$ResultHandlerAdapter.handle(GenericResultHandlerService.java:148)
	at org.springframework.shell.result.GenericResultHandlerService.invokeHandler(GenericResultHandlerService.java:282)
	at org.springframework.shell.result.GenericResultHandlerService.handle(GenericResultHandlerService.java:60)
	at org.springframework.shell.result.GenericResultHandlerService.handle(GenericResultHandlerService.java:50)
	at org.springframework.shell.Shell.run(Shell.java:142)
	at org.springframework.shell.jline.InteractiveShellRunner.run(InteractiveShellRunner.java:73)
	at org.springframework.shell.DefaultShellApplicationRunner.run(DefaultShellApplicationRunner.java:65)
	at org.springframework.boot.SpringApplication.callRunner(SpringApplication.java:759)
	... 3 common frames omitted
11:23:28.973 [main] ERROR o.s.boot.SpringApplication - Application run failed
java.lang.IllegalStateException: Failed to execute ApplicationRunner
	at org.springframework.boot.SpringApplication.callRunner(SpringApplication.java:762)
	at org.springframework.boot.SpringApplication.callRunners(SpringApplication.java:749)
	at org.springframework.boot.SpringApplication.run(SpringApplication.java:314)
	at com.test.book.BookApplication.main(BookApplication.java:27)
Caused by: org.springframework.beans.NotReadablePropertyException: Invalid property 'value' of bean class [com.test.book.commands.KeyValue]: Bean property 'value' is not readable or has an invalid getter method: Does the return type of the getter match the parameter type of the setter?
	at org.springframework.beans.AbstractNestablePropertyAccessor.getPropertyValue(AbstractNestablePropertyAccessor.java:627)
	at org.springframework.beans.AbstractNestablePropertyAccessor.getPropertyValue(AbstractNestablePropertyAccessor.java:617)
	at org.springframework.shell.table.BeanListTableModel.getValue(BeanListTableModel.java:96)
	at org.springframework.shell.table.Table.render(Table.java:113)
	at org.springframework.shell.table.Table.render(Table.java:51)
	at org.springframework.shell.result.TerminalSizeAwareResultHandler.doHandleResult(TerminalSizeAwareResultHandler.java:36)
	at org.springframework.shell.result.TerminalSizeAwareResultHandler.doHandleResult(TerminalSizeAwareResultHandler.java:28)
	at org.springframework.shell.result.TerminalAwareResultHandler.handleResult(TerminalAwareResultHandler.java:38)
	at org.springframework.shell.result.GenericResultHandlerService$ResultHandlerAdapter.handle(GenericResultHandlerService.java:148)
	at org.springframework.shell.result.GenericResultHandlerService.invokeHandler(GenericResultHandlerService.java:282)
	at org.springframework.shell.result.GenericResultHandlerService.handle(GenericResultHandlerService.java:60)
	at org.springframework.shell.result.GenericResultHandlerService.handle(GenericResultHandlerService.java:50)
	at org.springframework.shell.Shell.run(Shell.java:142)
	at org.springframework.shell.jline.InteractiveShellRunner.run(InteractiveShellRunner.java:73)
	at org.springframework.shell.DefaultShellApplicationRunner.run(DefaultShellApplicationRunner.java:65)
	at org.springframework.boot.SpringApplication.callRunner(SpringApplication.java:759)
	... 3 common frames omitted
12:25:40.633 [main] ERROR o.s.boot.SpringApplication - Application run failed
java.lang.IllegalStateException: Failed to execute ApplicationRunner
	at org.springframework.boot.SpringApplication.callRunner(SpringApplication.java:762)
	at org.springframework.boot.SpringApplication.callRunners(SpringApplication.java:749)
	at org.springframework.boot.SpringApplication.run(SpringApplication.java:314)
	at com.test.book.BookApplication.main(BookApplication.java:27)
Caused by: java.lang.NullPointerException: null
	at org.springframework.shell.table.Table.render(Table.java:119)
	at org.springframework.shell.table.Table.render(Table.java:51)
	at org.springframework.shell.result.TerminalSizeAwareResultHandler.doHandleResult(TerminalSizeAwareResultHandler.java:36)
	at org.springframework.shell.result.TerminalSizeAwareResultHandler.doHandleResult(TerminalSizeAwareResultHandler.java:28)
	at org.springframework.shell.result.TerminalAwareResultHandler.handleResult(TerminalAwareResultHandler.java:38)
	at org.springframework.shell.result.GenericResultHandlerService$ResultHandlerAdapter.handle(GenericResultHandlerService.java:148)
	at org.springframework.shell.result.GenericResultHandlerService.invokeHandler(GenericResultHandlerService.java:282)
	at org.springframework.shell.result.GenericResultHandlerService.handle(GenericResultHandlerService.java:60)
	at org.springframework.shell.result.GenericResultHandlerService.handle(GenericResultHandlerService.java:50)
	at org.springframework.shell.Shell.run(Shell.java:142)
	at org.springframework.shell.jline.InteractiveShellRunner.run(InteractiveShellRunner.java:73)
	at org.springframework.shell.DefaultShellApplicationRunner.run(DefaultShellApplicationRunner.java:65)
	at org.springframework.boot.SpringApplication.callRunner(SpringApplication.java:759)
	... 3 common frames omitted
14:02:04.356 [main] ERROR o.s.boot.SpringApplication - Application run failed
java.lang.NullPointerException: null
	at java.util.Arrays$ArrayList.toArray(Arrays.java:3830)
	at com.test.book.utils.TableUtils.createTableString(TableUtils.java:12)
	at com.test.book.customized.BookBanner.printBanner(BookBanner.java:44)
	at org.springframework.boot.SpringApplicationBannerPrinter.print(SpringApplicationBannerPrinter.java:72)
	at org.springframework.boot.SpringApplication.printBanner(SpringApplication.java:555)
	at org.springframework.boot.SpringApplication.run(SpringApplication.java:303)
	at com.test.book.BookApplication.main(BookApplication.java:27)
14:05:34.625 [main] ERROR o.s.boot.SpringApplication - Application run failed
java.lang.UnsupportedOperationException: null
	at java.util.AbstractList.add(AbstractList.java:148)
	at java.util.AbstractList.add(AbstractList.java:108)
	at java.util.Collections.addAll(Collections.java:5401)
	at com.test.book.utils.TableUtils.createTableString(TableUtils.java:12)
	at com.test.book.customized.BookBanner.printBanner(BookBanner.java:44)
	at org.springframework.boot.SpringApplicationBannerPrinter.print(SpringApplicationBannerPrinter.java:72)
	at org.springframework.boot.SpringApplication.printBanner(SpringApplication.java:555)
	at org.springframework.boot.SpringApplication.run(SpringApplication.java:303)
	at com.test.book.BookApplication.main(BookApplication.java:27)
14:06:17.640 [main] ERROR o.s.boot.SpringApplication - Application run failed
java.lang.UnsupportedOperationException: null
	at java.util.AbstractList.add(AbstractList.java:148)
	at java.util.AbstractList.add(AbstractList.java:108)
	at java.util.Collections.addAll(Collections.java:5401)
	at com.test.book.utils.TableUtils.createTableString(TableUtils.java:13)
	at com.test.book.customized.BookBanner.printBanner(BookBanner.java:44)
	at org.springframework.boot.SpringApplicationBannerPrinter.print(SpringApplicationBannerPrinter.java:72)
	at org.springframework.boot.SpringApplication.printBanner(SpringApplication.java:555)
	at org.springframework.boot.SpringApplication.run(SpringApplication.java:303)
	at com.test.book.BookApplication.main(BookApplication.java:27)
